<?xml version="1.0" encoding="UTF-8"?>
<testsuite name="com.guanshan.phoenix.phoenix.PhoenixApplicationTests" tests="1" skipped="0" failures="0" errors="0" timestamp="2018-04-19T08:04:54" hostname="localhost" time="0.041">
  <properties/>
  <testcase name="contextLoads" classname="com.guanshan.phoenix.phoenix.PhoenixApplicationTests" time="0.041"/>
  <system-out><![CDATA[2018-04-19 16:04:45.429  INFO localhost --- [    Test worker] .b.t.c.SpringBootTestContextBootstrapper : Neither @ContextConfiguration nor @ContextHierarchy found for test class [com.guanshan.phoenix.phoenix.PhoenixApplicationTests], using SpringBootContextLoader
2018-04-19 16:04:45.440  INFO localhost --- [    Test worker] o.s.t.c.s.AbstractContextLoader          : Could not detect default resource locations for test class [com.guanshan.phoenix.phoenix.PhoenixApplicationTests]: no resource found for suffixes {-context.xml, Context.groovy}.
2018-04-19 16:04:45.444  INFO localhost --- [    Test worker] t.c.s.AnnotationConfigContextLoaderUtils : Could not detect default configuration classes for test class [com.guanshan.phoenix.phoenix.PhoenixApplicationTests]: PhoenixApplicationTests does not declare any static, non-private, non-final, nested classes annotated with @Configuration.
2018-04-19 16:04:45.560  INFO localhost --- [    Test worker] .b.t.c.SpringBootTestContextBootstrapper : Found @SpringBootConfiguration com.guanshan.phoenix.PhoenixApplication for test class com.guanshan.phoenix.phoenix.PhoenixApplicationTests
2018-04-19 16:04:45.568  INFO localhost --- [    Test worker] .b.t.c.SpringBootTestContextBootstrapper : Loaded default TestExecutionListener class names from location [META-INF/spring.factories]: [org.springframework.boot.test.mock.mockito.MockitoTestExecutionListener, org.springframework.boot.test.mock.mockito.ResetMocksTestExecutionListener, org.springframework.boot.test.autoconfigure.restdocs.RestDocsTestExecutionListener, org.springframework.boot.test.autoconfigure.web.client.MockRestServiceServerResetTestExecutionListener, org.springframework.boot.test.autoconfigure.web.servlet.MockMvcPrintOnlyOnFailureTestExecutionListener, org.springframework.boot.test.autoconfigure.web.servlet.WebDriverTestExecutionListener, org.springframework.test.context.web.ServletTestExecutionListener, org.springframework.test.context.support.DirtiesContextBeforeModesTestExecutionListener, org.springframework.test.context.support.DependencyInjectionTestExecutionListener, org.springframework.test.context.support.DirtiesContextTestExecutionListener, org.springframework.test.context.transaction.TransactionalTestExecutionListener, org.springframework.test.context.jdbc.SqlScriptsTestExecutionListener]
2018-04-19 16:04:45.595  INFO localhost --- [    Test worker] .b.t.c.SpringBootTestContextBootstrapper : Using TestExecutionListeners: [org.springframework.test.context.web.ServletTestExecutionListener@6d2187c7, org.springframework.test.context.support.DirtiesContextBeforeModesTestExecutionListener@7a024a9d, org.springframework.boot.test.autoconfigure.SpringBootDependencyInjectionTestExecutionListener@96bfc56, org.springframework.test.context.support.DirtiesContextTestExecutionListener@59ae7cd9, org.springframework.test.context.transaction.TransactionalTestExecutionListener@38d0d794, org.springframework.test.context.jdbc.SqlScriptsTestExecutionListener@506e24b1, org.springframework.boot.test.autoconfigure.web.client.MockRestServiceServerResetTestExecutionListener@6b1fba6, org.springframework.boot.test.autoconfigure.web.servlet.WebDriverTestExecutionListener@2cd3171d, org.springframework.boot.test.autoconfigure.restdocs.RestDocsTestExecutionListener@12011964, org.springframework.boot.test.mock.mockito.MockitoTestExecutionListener@33ebfc39, org.springframework.boot.test.autoconfigure.web.servlet.MockMvcPrintOnlyOnFailureTestExecutionListener@3a8e4d29, org.springframework.boot.test.mock.mockito.ResetMocksTestExecutionListener@ed1ce9a]

  .   ____          _            __ _ _
 /\\ / ___'_ __ _ _(_)_ __  __ _ \ \ \ \
( ( )\___ | '_ | '_| | '_ \/ _` | \ \ \ \
 \\/  ___)| |_)| | | | | || (_| |  ) ) ) )
  '  |____| .__|_| |_|_| |_\__, | / / / /
 =========|_|==============|___/=/_/_/_/
 :: Spring Boot ::        (v1.5.7.RELEASE)

2018-04-19 16:04:45.961  INFO localhost --- [    Test worker] c.g.p.p.PhoenixApplicationTests          : Starting PhoenixApplicationTests on localhost with PID 2235 (started by sw59421 in /Users/sw59421/Documents/Projects/Phoenix/phoenix-api)
2018-04-19 16:04:45.963  INFO localhost --- [    Test worker] c.g.p.p.PhoenixApplicationTests          : No active profile set, falling back to default profiles: default
2018-04-19 16:04:46.048  INFO localhost --- [    Test worker] o.s.w.c.s.GenericWebApplicationContext   : Refreshing org.springframework.web.context.support.GenericWebApplicationContext@1b90e666: startup date [Thu Apr 19 16:04:46 CST 2018]; root of context hierarchy
2018-04-19 16:04:47.451  INFO localhost --- [    Test worker] o.s.b.f.s.DefaultListableBeanFactory     : Overriding bean definition for bean 'dataSource' with a different definition: replacing [Root bean: class [null]; scope=; abstract=false; lazyInit=false; autowireMode=3; dependencyCheck=0; autowireCandidate=true; primary=false; factoryBeanName=org.springframework.boot.autoconfigure.jdbc.DataSourceConfiguration$Dbcp; factoryMethodName=dataSource; initMethodName=null; destroyMethodName=(inferred); defined in class path resource [org/springframework/boot/autoconfigure/jdbc/DataSourceConfiguration$Dbcp.class]] with [Root bean: class [null]; scope=; abstract=false; lazyInit=false; autowireMode=3; dependencyCheck=0; autowireCandidate=true; primary=false; factoryBeanName=org.springframework.boot.autoconfigure.jdbc.DataSourceConfiguration$Tomcat; factoryMethodName=dataSource; initMethodName=null; destroyMethodName=(inferred); defined in class path resource [org/springframework/boot/autoconfigure/jdbc/DataSourceConfiguration$Tomcat.class]]
2018-04-19 16:04:47.488  INFO localhost --- [    Test worker] .s.d.r.c.RepositoryConfigurationDelegate : Multiple Spring Data modules found, entering strict repository configuration mode!
2018-04-19 16:04:48.268  INFO localhost --- [    Test worker] trationDelegate$BeanPostProcessorChecker : Bean 'org.springframework.cache.annotation.ProxyCachingConfiguration' of type [org.springframework.cache.annotation.ProxyCachingConfiguration$$EnhancerBySpringCGLIB$$597597d7] is not eligible for getting processed by all BeanPostProcessors (for example: not eligible for auto-proxying)
2018-04-19 16:04:48.328  INFO localhost --- [    Test worker] trationDelegate$BeanPostProcessorChecker : Bean 'org.springframework.transaction.annotation.ProxyTransactionManagementConfiguration' of type [org.springframework.transaction.annotation.ProxyTransactionManagementConfiguration$$EnhancerBySpringCGLIB$$106361b9] is not eligible for getting processed by all BeanPostProcessors (for example: not eligible for auto-proxying)
2018-04-19 16:04:48.377  INFO localhost --- [    Test worker] trationDelegate$BeanPostProcessorChecker : Bean 'org.springframework.security.config.annotation.configuration.ObjectPostProcessorConfiguration' of type [org.springframework.security.config.annotation.configuration.ObjectPostProcessorConfiguration$$EnhancerBySpringCGLIB$$a91129f3] is not eligible for getting processed by all BeanPostProcessors (for example: not eligible for auto-proxying)
2018-04-19 16:04:48.392  INFO localhost --- [    Test worker] trationDelegate$BeanPostProcessorChecker : Bean 'objectPostProcessor' of type [org.springframework.security.config.annotation.configuration.AutowireBeanFactoryObjectPostProcessor] is not eligible for getting processed by all BeanPostProcessors (for example: not eligible for auto-proxying)
2018-04-19 16:04:48.394  INFO localhost --- [    Test worker] trationDelegate$BeanPostProcessorChecker : Bean 'org.springframework.security.access.expression.method.DefaultMethodSecurityExpressionHandler@33d9f976' of type [org.springframework.security.access.expression.method.DefaultMethodSecurityExpressionHandler] is not eligible for getting processed by all BeanPostProcessors (for example: not eligible for auto-proxying)
2018-04-19 16:04:48.415  INFO localhost --- [    Test worker] trationDelegate$BeanPostProcessorChecker : Bean 'org.springframework.security.config.annotation.method.configuration.GlobalMethodSecurityConfiguration' of type [org.springframework.security.config.annotation.method.configuration.GlobalMethodSecurityConfiguration$$EnhancerBySpringCGLIB$$cde5cca5] is not eligible for getting processed by all BeanPostProcessors (for example: not eligible for auto-proxying)
2018-04-19 16:04:48.433  INFO localhost --- [    Test worker] trationDelegate$BeanPostProcessorChecker : Bean 'methodSecurityMetadataSource' of type [org.springframework.security.access.method.DelegatingMethodSecurityMetadataSource] is not eligible for getting processed by all BeanPostProcessors (for example: not eligible for auto-proxying)
2018-04-19 16:04:51.337  INFO localhost --- [    Test worker] s.w.s.m.m.a.RequestMappingHandlerMapping : Mapped "{[/auth/login],methods=[POST]}" onto public com.guanshan.phoenix.error.ResponseMessage<org.springframework.http.ResponseEntity<?>> com.guanshan.phoenix.authentication.auth.AuthController.createAuthenticationToken(com.guanshan.phoenix.authentication.security.JwtAuthenticationRequest) throws javax.security.sasl.AuthenticationException
2018-04-19 16:04:51.338  INFO localhost --- [    Test worker] s.w.s.m.m.a.RequestMappingHandlerMapping : Mapped "{[/auth/updatePassword],methods=[POST]}" onto public com.guanshan.phoenix.error.ResponseMessage com.guanshan.phoenix.authentication.auth.AuthController.updatePassword(com.guanshan.phoenix.authentication.security.JwtUpdatePasswordRequest) throws com.guanshan.phoenix.error.ApplicationErrorException
2018-04-19 16:04:51.341  INFO localhost --- [    Test worker] s.w.s.m.m.a.RequestMappingHandlerMapping : Mapped "{[/cloudware/cloudware/experiment],methods=[GET]}" onto public com.guanshan.phoenix.error.ResponseMessage<java.lang.String> com.guanshan.phoenix.controller.CloudwareController.getStudentCloudware(com.guanshan.phoenix.webdomain.request.ReqStudentExperiment) throws com.guanshan.phoenix.error.ApplicationErrorException
2018-04-19 16:04:51.342  INFO localhost --- [    Test worker] s.w.s.m.m.a.RequestMappingHandlerMapping : Mapped "{[/cloudware/cloudware/{id}/info],methods=[GET]}" onto public com.guanshan.phoenix.error.ResponseMessage<com.guanshan.phoenix.webdomain.response.ResExperimentInfo> com.guanshan.phoenix.controller.CloudwareController.getExperiment(int) throws com.guanshan.phoenix.error.ApplicationErrorException
2018-04-19 16:04:51.344  INFO localhost --- [    Test worker] s.w.s.m.m.a.RequestMappingHandlerMapping : Mapped "{[/common/experiment/{experimentId}],methods=[GET]}" onto public com.guanshan.phoenix.error.ResponseMessage<com.guanshan.phoenix.webdomain.response.ResExperimentInfo> com.guanshan.phoenix.controller.CommonController.getExperiment(int) throws com.guanshan.phoenix.error.ApplicationErrorException
2018-04-19 16:04:51.345  INFO localhost --- [    Test worker] s.w.s.m.m.a.RequestMappingHandlerMapping : Mapped "{[/common/hotCourses/all],methods=[GET]}" onto public com.guanshan.phoenix.error.ResponseMessage<com.guanshan.phoenix.webdomain.response.ResHotCourseList> com.guanshan.phoenix.controller.CommonController.getHotCourses()
2018-04-19 16:04:51.346  INFO localhost --- [    Test worker] s.w.s.m.m.a.RequestMappingHandlerMapping : Mapped "{[/common/course/{courseId}/experiments],methods=[GET]}" onto public com.guanshan.phoenix.error.ResponseMessage<com.guanshan.phoenix.webdomain.response.ResCourseModuleExperiments> com.guanshan.phoenix.controller.CommonController.getCourseExperiments(int) throws com.guanshan.phoenix.error.ApplicationErrorException
2018-04-19 16:04:51.347  INFO localhost --- [    Test worker] s.w.s.m.m.a.RequestMappingHandlerMapping : Mapped "{[/common/course/{courseId}/detail],methods=[GET]}" onto public com.guanshan.phoenix.error.ResponseMessage<com.guanshan.phoenix.webdomain.response.ResCommonCourseDetail> com.guanshan.phoenix.controller.CommonController.getCourseCommonDetail(int) throws com.guanshan.phoenix.error.ApplicationErrorException
2018-04-19 16:04:51.347  INFO localhost --- [    Test worker] s.w.s.m.m.a.RequestMappingHandlerMapping : Mapped "{[/common/statistics],methods=[GET]}" onto public com.guanshan.phoenix.error.ResponseMessage<com.guanshan.phoenix.webdomain.response.ResStatistics> com.guanshan.phoenix.controller.CommonController.getStatistics() throws com.guanshan.phoenix.error.ApplicationErrorException
2018-04-19 16:04:51.350  INFO localhost --- [    Test worker] s.w.s.m.m.a.RequestMappingHandlerMapping : Mapped "{[/admin/course/experiment/piclib],methods=[POST]}" onto public com.guanshan.phoenix.error.ResponseMessage<com.guanshan.phoenix.webdomain.response.ResUploadImage> com.guanshan.phoenix.controller.FileSystemContorller.uploadImage(org.springframework.web.multipart.MultipartFile) throws com.guanshan.phoenix.error.ApplicationErrorException,java.io.IOException
2018-04-19 16:04:51.351  INFO localhost --- [    Test worker] s.w.s.m.m.a.RequestMappingHandlerMapping : Mapped "{[/admin/course/experiment/markdown],methods=[POST]}" onto public com.guanshan.phoenix.error.ResponseMessage<java.lang.String> com.guanshan.phoenix.controller.FileSystemContorller.uploadMarkdown(org.springframework.web.multipart.MultipartFile) throws com.guanshan.phoenix.error.ApplicationErrorException,java.io.IOException
2018-04-19 16:04:51.352  INFO localhost --- [    Test worker] s.w.s.m.m.a.RequestMappingHandlerMapping : Mapped "{[/admin/course/experiment/report],methods=[POST]}" onto public com.guanshan.phoenix.error.ResponseMessage<java.lang.String> com.guanshan.phoenix.controller.FileSystemContorller.uploadReport(org.springframework.web.multipart.MultipartFile) throws com.guanshan.phoenix.error.ApplicationErrorException,java.io.IOException
2018-04-19 16:04:51.352  INFO localhost --- [    Test worker] s.w.s.m.m.a.RequestMappingHandlerMapping : Mapped "{[/image/{fileName:.+}],methods=[GET]}" onto public byte[] com.guanshan.phoenix.controller.FileSystemContorller.downloadImage(java.lang.String,javax.servlet.http.HttpServletResponse) throws com.guanshan.phoenix.error.ApplicationErrorException,java.io.IOException
2018-04-19 16:04:51.353  INFO localhost --- [    Test worker] s.w.s.m.m.a.RequestMappingHandlerMapping : Mapped "{[/markdown/{fileName:.+}],methods=[GET]}" onto public void com.guanshan.phoenix.controller.FileSystemContorller.downloadMarkdown(java.lang.String,javax.servlet.http.HttpServletResponse) throws com.guanshan.phoenix.error.ApplicationErrorException
2018-04-19 16:04:51.354  INFO localhost --- [    Test worker] s.w.s.m.m.a.RequestMappingHandlerMapping : Mapped "{[/report/{path}/{fileName:.+}],methods=[GET]}" onto public void com.guanshan.phoenix.controller.FileSystemContorller.downloadReport(java.lang.String,java.lang.String,javax.servlet.http.HttpServletResponse) throws com.guanshan.phoenix.error.ApplicationErrorException
2018-04-19 16:04:51.370  INFO localhost --- [    Test worker] s.w.s.m.m.a.RequestMappingHandlerMapping : Mapped "{[/admin/course/{courseId}/experiments],methods=[GET]}" onto public com.guanshan.phoenix.error.ResponseMessage<com.guanshan.phoenix.webdomain.response.ResCourseModuleExperiments> com.guanshan.phoenix.controller.ManagerController.getCourseExperiments(int) throws com.guanshan.phoenix.error.ApplicationErrorException
2018-04-19 16:04:51.372  INFO localhost --- [    Test worker] s.w.s.m.m.a.RequestMappingHandlerMapping : Mapped "{[/admin/teacher/all],methods=[GET]}" onto public com.guanshan.phoenix.error.ResponseMessage<com.guanshan.phoenix.webdomain.response.ResTeacherList> com.guanshan.phoenix.controller.ManagerController.getAllTeachers() throws com.guanshan.phoenix.error.ApplicationErrorException
2018-04-19 16:04:51.372  INFO localhost --- [    Test worker] s.w.s.m.m.a.RequestMappingHandlerMapping : Mapped "{[/admin/teacher/creation],methods=[POST]}" onto public com.guanshan.phoenix.error.ResponseMessage com.guanshan.phoenix.controller.ManagerController.createTeacher(com.guanshan.phoenix.webdomain.request.ReqUpdateTeacher) throws com.guanshan.phoenix.error.ApplicationErrorException
2018-04-19 16:04:51.373  INFO localhost --- [    Test worker] s.w.s.m.m.a.RequestMappingHandlerMapping : Mapped "{[/admin/teacher/updation],methods=[POST]}" onto public com.guanshan.phoenix.error.ResponseMessage com.guanshan.phoenix.controller.ManagerController.updateTeacher(com.guanshan.phoenix.webdomain.request.ReqUpdateTeacher) throws com.guanshan.phoenix.error.ApplicationErrorException
2018-04-19 16:04:51.374  INFO localhost --- [    Test worker] s.w.s.m.m.a.RequestMappingHandlerMapping : Mapped "{[/admin/teacher/deletion],methods=[POST]}" onto public com.guanshan.phoenix.error.ResponseMessage com.guanshan.phoenix.controller.ManagerController.deleteTeacher(com.guanshan.phoenix.webdomain.request.ReqDeleteTeacher) throws com.guanshan.phoenix.error.ApplicationErrorException
2018-04-19 16:04:51.374  INFO localhost --- [    Test worker] s.w.s.m.m.a.RequestMappingHandlerMapping : Mapped "{[/admin/semester/all],methods=[GET]}" onto public com.guanshan.phoenix.error.ResponseMessage<com.guanshan.phoenix.webdomain.response.ResSemesterList> com.guanshan.phoenix.controller.ManagerController.getAllSemesters() throws com.guanshan.phoenix.error.ApplicationErrorException
2018-04-19 16:04:51.375  INFO localhost --- [    Test worker] s.w.s.m.m.a.RequestMappingHandlerMapping : Mapped "{[/admin/semester/creation],methods=[POST]}" onto public com.guanshan.phoenix.error.ResponseMessage com.guanshan.phoenix.controller.ManagerController.createSemester(com.guanshan.phoenix.dao.entity.Term) throws com.guanshan.phoenix.error.ApplicationErrorException
2018-04-19 16:04:51.376  INFO localhost --- [    Test worker] s.w.s.m.m.a.RequestMappingHandlerMapping : Mapped "{[/admin/semester/updation],methods=[POST]}" onto public com.guanshan.phoenix.error.ResponseMessage com.guanshan.phoenix.controller.ManagerController.updateSemester(com.guanshan.phoenix.dao.entity.Term) throws com.guanshan.phoenix.error.ApplicationErrorException
2018-04-19 16:04:51.376  INFO localhost --- [    Test worker] s.w.s.m.m.a.RequestMappingHandlerMapping : Mapped "{[/admin/semester/deletion],methods=[POST]}" onto public com.guanshan.phoenix.error.ResponseMessage com.guanshan.phoenix.controller.ManagerController.deleteSemester(com.guanshan.phoenix.webdomain.request.ReqDeleteSemester) throws com.guanshan.phoenix.error.ApplicationErrorException
2018-04-19 16:04:51.377  INFO localhost --- [    Test worker] s.w.s.m.m.a.RequestMappingHandlerMapping : Mapped "{[/admin/class/homework/deletion],methods=[POST]}" onto public com.guanshan.phoenix.error.ResponseMessage com.guanshan.phoenix.controller.ManagerController.deleteHomework(com.guanshan.phoenix.webdomain.request.ReqDeleteHomework) throws com.guanshan.phoenix.error.ApplicationErrorException
2018-04-19 16:04:51.378  INFO localhost --- [    Test worker] s.w.s.m.m.a.RequestMappingHandlerMapping : Mapped "{[/admin/class/homework/updation],methods=[POST]}" onto public com.guanshan.phoenix.error.ResponseMessage com.guanshan.phoenix.controller.ManagerController.updateHomework(com.guanshan.phoenix.webdomain.request.ReqUpdateHomework) throws com.guanshan.phoenix.error.ApplicationErrorException
2018-04-19 16:04:51.378  INFO localhost --- [    Test worker] s.w.s.m.m.a.RequestMappingHandlerMapping : Mapped "{[/admin/class/homework/creation],methods=[POST]}" onto public com.guanshan.phoenix.error.ResponseMessage com.guanshan.phoenix.controller.ManagerController.createHomework(com.guanshan.phoenix.webdomain.request.ReqCreateHomework) throws com.guanshan.phoenix.error.ApplicationErrorException
2018-04-19 16:04:51.379  INFO localhost --- [    Test worker] s.w.s.m.m.a.RequestMappingHandlerMapping : Mapped "{[/admin/class/{classId}/homework],methods=[GET]}" onto public com.guanshan.phoenix.error.ResponseMessage<com.guanshan.phoenix.webdomain.response.ResClassHomework> com.guanshan.phoenix.controller.ManagerController.getClassHomework(int) throws com.guanshan.phoenix.error.ApplicationErrorException
2018-04-19 16:04:51.379  INFO localhost --- [    Test worker] s.w.s.m.m.a.RequestMappingHandlerMapping : Mapped "{[/admin/course/all],methods=[GET]}" onto public com.guanshan.phoenix.error.ResponseMessage<com.guanshan.phoenix.webdomain.response.ResCourseList> com.guanshan.phoenix.controller.ManagerController.getAllCourses() throws com.guanshan.phoenix.error.ApplicationErrorException
2018-04-19 16:04:51.380  INFO localhost --- [    Test worker] s.w.s.m.m.a.RequestMappingHandlerMapping : Mapped "{[/admin/course/creation],methods=[POST]}" onto public com.guanshan.phoenix.error.ResponseMessage com.guanshan.phoenix.controller.ManagerController.createCourse(com.guanshan.phoenix.webdomain.request.ReqAddCourse) throws com.guanshan.phoenix.error.ApplicationErrorException
2018-04-19 16:04:51.381  INFO localhost --- [    Test worker] s.w.s.m.m.a.RequestMappingHandlerMapping : Mapped "{[/admin/course/updation],methods=[POST]}" onto public com.guanshan.phoenix.error.ResponseMessage com.guanshan.phoenix.controller.ManagerController.updateCourse(com.guanshan.phoenix.dao.entity.Course) throws com.guanshan.phoenix.error.ApplicationErrorException
2018-04-19 16:04:51.381  INFO localhost --- [    Test worker] s.w.s.m.m.a.RequestMappingHandlerMapping : Mapped "{[/admin/course/deletion],methods=[POST]}" onto public com.guanshan.phoenix.error.ResponseMessage com.guanshan.phoenix.controller.ManagerController.deleteCourse(com.guanshan.phoenix.webdomain.request.ReqDeleteCourse) throws com.guanshan.phoenix.error.ApplicationErrorException
2018-04-19 16:04:51.382  INFO localhost --- [    Test worker] s.w.s.m.m.a.RequestMappingHandlerMapping : Mapped "{[/admin/class/student/deletion],methods=[POST]}" onto public com.guanshan.phoenix.error.ResponseMessage com.guanshan.phoenix.controller.ManagerController.deleteClassStudent(com.guanshan.phoenix.webdomain.request.ReqDeleteClassStudent) throws com.guanshan.phoenix.error.ApplicationErrorException
2018-04-19 16:04:51.383  INFO localhost --- [    Test worker] s.w.s.m.m.a.RequestMappingHandlerMapping : Mapped "{[/admin/password/resetion],methods=[POST]}" onto public com.guanshan.phoenix.error.ResponseMessage com.guanshan.phoenix.controller.ManagerController.resetPassword(com.guanshan.phoenix.webdomain.request.ReqResetPassword) throws com.guanshan.phoenix.error.ApplicationErrorException
2018-04-19 16:04:51.383  INFO localhost --- [    Test worker] s.w.s.m.m.a.RequestMappingHandlerMapping : Mapped "{[/admin/class/student/updation],methods=[POST]}" onto public com.guanshan.phoenix.error.ResponseMessage com.guanshan.phoenix.controller.ManagerController.updateStudentInfo(com.guanshan.phoenix.webdomain.request.ReqUpdateStudent) throws com.guanshan.phoenix.error.ApplicationErrorException
2018-04-19 16:04:51.384  INFO localhost --- [    Test worker] s.w.s.m.m.a.RequestMappingHandlerMapping : Mapped "{[/admin/class/student/creation],methods=[POST]}" onto public com.guanshan.phoenix.error.ResponseMessage com.guanshan.phoenix.controller.ManagerController.addClassStudent(com.guanshan.phoenix.webdomain.request.ReqAddClassStudent) throws com.guanshan.phoenix.error.ApplicationErrorException
2018-04-19 16:04:51.385  INFO localhost --- [    Test worker] s.w.s.m.m.a.RequestMappingHandlerMapping : Mapped "{[/admin/class/{classId}/students/all],methods=[GET]}" onto public com.guanshan.phoenix.error.ResponseMessage<com.guanshan.phoenix.webdomain.response.ResClassStudents> com.guanshan.phoenix.controller.ManagerController.getAllClassStudentInfo(int) throws com.guanshan.phoenix.error.ApplicationErrorException
2018-04-19 16:04:51.385  INFO localhost --- [    Test worker] s.w.s.m.m.a.RequestMappingHandlerMapping : Mapped "{[/admin/class/deletion],methods=[POST]}" onto public com.guanshan.phoenix.error.ResponseMessage com.guanshan.phoenix.controller.ManagerController.deleteClass(com.guanshan.phoenix.webdomain.request.ReqDeleteClass) throws com.guanshan.phoenix.error.ApplicationErrorException
2018-04-19 16:04:51.386  INFO localhost --- [    Test worker] s.w.s.m.m.a.RequestMappingHandlerMapping : Mapped "{[/admin/class/updation],methods=[POST]}" onto public com.guanshan.phoenix.error.ResponseMessage com.guanshan.phoenix.controller.ManagerController.updateClassInfo(com.guanshan.phoenix.webdomain.request.ReqUpdateClass) throws com.guanshan.phoenix.error.ApplicationErrorException
2018-04-19 16:04:51.387  INFO localhost --- [    Test worker] s.w.s.m.m.a.RequestMappingHandlerMapping : Mapped "{[/admin/class/creation],methods=[POST]}" onto public com.guanshan.phoenix.error.ResponseMessage com.guanshan.phoenix.controller.ManagerController.createClass(com.guanshan.phoenix.webdomain.request.ReqAddClass) throws com.guanshan.phoenix.error.ApplicationErrorException
2018-04-19 16:04:51.387  INFO localhost --- [    Test worker] s.w.s.m.m.a.RequestMappingHandlerMapping : Mapped "{[/admin/class/all],methods=[GET]}" onto public com.guanshan.phoenix.error.ResponseMessage<com.guanshan.phoenix.webdomain.response.ResClassInfos> com.guanshan.phoenix.controller.ManagerController.getAllClassInfo() throws com.guanshan.phoenix.error.ApplicationErrorException
2018-04-19 16:04:51.388  INFO localhost --- [    Test worker] s.w.s.m.m.a.RequestMappingHandlerMapping : Mapped "{[/admin/course/module/creation],methods=[POST]}" onto public com.guanshan.phoenix.error.ResponseMessage<com.guanshan.phoenix.webdomain.response.ResModuleId> com.guanshan.phoenix.controller.ManagerController.createModule(com.guanshan.phoenix.dao.entity.Module) throws com.guanshan.phoenix.error.ApplicationErrorException
2018-04-19 16:04:51.388  INFO localhost --- [    Test worker] s.w.s.m.m.a.RequestMappingHandlerMapping : Mapped "{[/admin/course/module/deletion],methods=[POST]}" onto public com.guanshan.phoenix.error.ResponseMessage com.guanshan.phoenix.controller.ManagerController.deleteModule(com.guanshan.phoenix.webdomain.request.ReqDeleteModule) throws com.guanshan.phoenix.error.ApplicationErrorException
2018-04-19 16:04:51.389  INFO localhost --- [    Test worker] s.w.s.m.m.a.RequestMappingHandlerMapping : Mapped "{[/admin/course/experiment/deletion],methods=[POST]}" onto public com.guanshan.phoenix.error.ResponseMessage com.guanshan.phoenix.controller.ManagerController.deleteExperiment(com.guanshan.phoenix.webdomain.request.ReqDeleteExperiment) throws com.guanshan.phoenix.error.ApplicationErrorException
2018-04-19 16:04:51.390  INFO localhost --- [    Test worker] s.w.s.m.m.a.RequestMappingHandlerMapping : Mapped "{[/admin/course/module/experiment/creation],methods=[POST]}" onto public com.guanshan.phoenix.error.ResponseMessage com.guanshan.phoenix.controller.ManagerController.createExperiment(com.guanshan.phoenix.webdomain.request.ReqExperiment) throws com.guanshan.phoenix.error.ApplicationErrorException
2018-04-19 16:04:51.390  INFO localhost --- [    Test worker] s.w.s.m.m.a.RequestMappingHandlerMapping : Mapped "{[/admin/course/module/experiment/updation],methods=[POST]}" onto public com.guanshan.phoenix.error.ResponseMessage com.guanshan.phoenix.controller.ManagerController.updateExperiment(com.guanshan.phoenix.webdomain.request.ReqExperiment) throws com.guanshan.phoenix.error.ApplicationErrorException
2018-04-19 16:04:51.391  INFO localhost --- [    Test worker] s.w.s.m.m.a.RequestMappingHandlerMapping : Mapped "{[/admin/course/{moduleId}/lib],methods=[GET]}" onto public com.guanshan.phoenix.error.ResponseMessage<com.guanshan.phoenix.webdomain.response.ResModuleImages> com.guanshan.phoenix.controller.ManagerController.getModuleImageUrls(int) throws com.guanshan.phoenix.error.ApplicationErrorException
2018-04-19 16:04:51.391  INFO localhost --- [    Test worker] s.w.s.m.m.a.RequestMappingHandlerMapping : Mapped "{[/admin/module/lib/add],methods=[POST]}" onto public com.guanshan.phoenix.error.ResponseMessage<java.lang.Integer> com.guanshan.phoenix.controller.ManagerController.addModuleResource(com.guanshan.phoenix.webdomain.request.ReqAddModuleResource) throws com.guanshan.phoenix.error.ApplicationErrorException
2018-04-19 16:04:51.392  INFO localhost --- [    Test worker] s.w.s.m.m.a.RequestMappingHandlerMapping : Mapped "{[/admin/module/lib/deletion],methods=[POST]}" onto public com.guanshan.phoenix.error.ResponseMessage com.guanshan.phoenix.controller.ManagerController.deleteModuleResource(com.guanshan.phoenix.webdomain.request.ReqDeleteModuleResource) throws com.guanshan.phoenix.error.ApplicationErrorException
2018-04-19 16:04:51.393  INFO localhost --- [    Test worker] s.w.s.m.m.a.RequestMappingHandlerMapping : Mapped "{[/admin/class/student/batchCreation],methods=[POST]}" onto public com.guanshan.phoenix.error.ResponseMessage<com.guanshan.phoenix.webdomain.response.ResBatchAddStudent> com.guanshan.phoenix.controller.ManagerController.batchStudentCreation(int,org.springframework.web.multipart.MultipartFile) throws com.guanshan.phoenix.error.ApplicationErrorException,java.io.IOException
2018-04-19 16:04:51.394  INFO localhost --- [    Test worker] s.w.s.m.m.a.RequestMappingHandlerMapping : Mapped "{[/admin/teacher/batchCreation],methods=[POST]}" onto public com.guanshan.phoenix.error.ResponseMessage<com.guanshan.phoenix.webdomain.response.ResBatchAddTeacher> com.guanshan.phoenix.controller.ManagerController.batchTeacherCreation(org.springframework.web.multipart.MultipartFile) throws com.guanshan.phoenix.error.ApplicationErrorException,java.io.IOException
2018-04-19 16:04:51.396  INFO localhost --- [    Test worker] s.w.s.m.m.a.RequestMappingHandlerMapping : Mapped "{[/student/course/{classId}/detail],methods=[GET]}" onto public com.guanshan.phoenix.error.ResponseMessage<com.guanshan.phoenix.webdomain.response.ResCourseModuleExperiments> com.guanshan.phoenix.controller.StudentController.getCourseExperiments(int) throws com.guanshan.phoenix.error.ApplicationErrorException
2018-04-19 16:04:51.399  INFO localhost --- [    Test worker] s.w.s.m.m.a.RequestMappingHandlerMapping : Mapped "{[/student/course/all/{studentId}],methods=[GET]}" onto public com.guanshan.phoenix.error.ResponseMessage<com.guanshan.phoenix.webdomain.response.ResStudentClassList> com.guanshan.phoenix.controller.StudentController.getAllStudentCourses(int) throws com.guanshan.phoenix.error.ApplicationErrorException
2018-04-19 16:04:51.400  INFO localhost --- [    Test worker] s.w.s.m.m.a.RequestMappingHandlerMapping : Mapped "{[/student/course/{classId}/{studentId}/homework],methods=[GET]}" onto public com.guanshan.phoenix.error.ResponseMessage<com.guanshan.phoenix.webdomain.response.ResCourseHomeworks> com.guanshan.phoenix.controller.StudentController.getCourseHomeworks(int,int) throws com.guanshan.phoenix.error.ApplicationErrorException
2018-04-19 16:04:51.401  INFO localhost --- [    Test worker] s.w.s.m.m.a.RequestMappingHandlerMapping : Mapped "{[/student/homework/{homeworkId}],methods=[GET]}" onto public com.guanshan.phoenix.error.ResponseMessage<com.guanshan.phoenix.webdomain.response.ResHomeworkDetail> com.guanshan.phoenix.controller.StudentController.getHomeworkDetail(int) throws com.guanshan.phoenix.error.ApplicationErrorException
2018-04-19 16:04:51.402  INFO localhost --- [    Test worker] s.w.s.m.m.a.RequestMappingHandlerMapping : Mapped "{[/student/homework/submission],methods=[POST]}" onto public com.guanshan.phoenix.error.ResponseMessage com.guanshan.phoenix.controller.StudentController.submitHomeWork(com.guanshan.phoenix.webdomain.request.ReqHomeworkSubmission) throws com.guanshan.phoenix.error.ApplicationErrorException
2018-04-19 16:04:51.402  INFO localhost --- [    Test worker] s.w.s.m.m.a.RequestMappingHandlerMapping : Mapped "{[/student/homework/{homeworkId}/{studentId}/cloudware],methods=[GET]}" onto public com.guanshan.phoenix.error.ResponseMessage<com.guanshan.phoenix.dao.entity.Cloudware> com.guanshan.phoenix.controller.StudentController.getStudentHomeworkCloudware(int,int) throws com.guanshan.phoenix.error.ApplicationErrorException
2018-04-19 16:04:51.403  INFO localhost --- [    Test worker] s.w.s.m.m.a.RequestMappingHandlerMapping : Mapped "{[/student/experiment/{experimentId}/{studentId}/cloudware],methods=[GET]}" onto public com.guanshan.phoenix.error.ResponseMessage<com.guanshan.phoenix.dao.entity.Cloudware> com.guanshan.phoenix.controller.StudentController.getStudentExperimentCloudware(int,int) throws com.guanshan.phoenix.error.ApplicationErrorException
2018-04-19 16:04:51.404  INFO localhost --- [    Test worker] s.w.s.m.m.a.RequestMappingHandlerMapping : Mapped "{[/student/homework/creation],methods=[POST]}" onto public com.guanshan.phoenix.error.ResponseMessage<com.guanshan.phoenix.dao.entity.Cloudware> com.guanshan.phoenix.controller.StudentController.createStudentHomeworkCloudware(com.guanshan.phoenix.webdomain.request.ReqStudentHomeworkCloudware) throws com.guanshan.phoenix.error.ApplicationErrorException,java.lang.InterruptedException
2018-04-19 16:04:51.404  INFO localhost --- [    Test worker] s.w.s.m.m.a.RequestMappingHandlerMapping : Mapped "{[/student/experiment/creation],methods=[POST]}" onto public com.guanshan.phoenix.error.ResponseMessage<com.guanshan.phoenix.dao.entity.Cloudware> com.guanshan.phoenix.controller.StudentController.createStudentExperimentCloudware(com.guanshan.phoenix.webdomain.request.ReqStudentExperimentCloudware) throws com.guanshan.phoenix.error.ApplicationErrorException,java.lang.InterruptedException
2018-04-19 16:04:51.405  INFO localhost --- [    Test worker] s.w.s.m.m.a.RequestMappingHandlerMapping : Mapped "{[/student/course/homework/{homeworkId}/{studentId}],methods=[GET]}" onto public com.guanshan.phoenix.error.ResponseMessage<com.guanshan.phoenix.webdomain.response.ResStudentHomeworkDetail> com.guanshan.phoenix.controller.StudentController.getStudentHomeworkDetailById(int,int) throws com.guanshan.phoenix.error.ApplicationErrorException
2018-04-19 16:04:51.406  INFO localhost --- [    Test worker] s.w.s.m.m.a.RequestMappingHandlerMapping : Mapped "{[/student/course/homework/all/{studentId}],methods=[GET]}" onto public com.guanshan.phoenix.error.ResponseMessage<com.guanshan.phoenix.webdomain.response.ResStudentHomeworkList> com.guanshan.phoenix.controller.StudentController.getStudentHomeworkListById(int) throws com.guanshan.phoenix.error.ApplicationErrorException
2018-04-19 16:04:51.406  INFO localhost --- [    Test worker] s.w.s.m.m.a.RequestMappingHandlerMapping : Mapped "{[/student/experiment/delete],methods=[POST]}" onto public com.guanshan.phoenix.error.ResponseMessage com.guanshan.phoenix.controller.StudentController.deleteStudentExperiment(com.guanshan.phoenix.webdomain.request.ReqStudentExperiment) throws com.guanshan.phoenix.error.ApplicationErrorException
2018-04-19 16:04:51.407  INFO localhost --- [    Test worker] s.w.s.m.m.a.RequestMappingHandlerMapping : Mapped "{[/student/experiment/last/{studentId}],methods=[GET]}" onto public com.guanshan.phoenix.error.ResponseMessage<com.guanshan.phoenix.webdomain.response.ResStudentLastExperiment> com.guanshan.phoenix.controller.StudentController.getStudentLastExperiment(int) throws com.guanshan.phoenix.error.ApplicationErrorException
2018-04-19 16:04:51.410  INFO localhost --- [    Test worker] s.w.s.m.m.a.RequestMappingHandlerMapping : Mapped "{[/teacher/course/{classId}],methods=[GET]}" onto public com.guanshan.phoenix.error.ResponseMessage<com.guanshan.phoenix.webdomain.response.ResCourseModuleExperiments> com.guanshan.phoenix.controller.TeacherController.getCourseExperiments(int) throws com.guanshan.phoenix.error.ApplicationErrorException
2018-04-19 16:04:51.411  INFO localhost --- [    Test worker] s.w.s.m.m.a.RequestMappingHandlerMapping : Mapped "{[/teacher/{teacherId}/course/all],methods=[GET]}" onto public com.guanshan.phoenix.error.ResponseMessage<com.guanshan.phoenix.webdomain.response.ResTeacherClassList> com.guanshan.phoenix.controller.TeacherController.getAllTeacherCourses(int) throws com.guanshan.phoenix.error.ApplicationErrorException
2018-04-19 16:04:51.412  INFO localhost --- [    Test worker] s.w.s.m.m.a.RequestMappingHandlerMapping : Mapped "{[/teacher/course/homework/{studentHomeworkId}],methods=[GET]}" onto public com.guanshan.phoenix.error.ResponseMessage<com.guanshan.phoenix.webdomain.response.ResStudentHomeworkDetail> com.guanshan.phoenix.controller.TeacherController.getStudentHomeworkDetailById(int) throws com.guanshan.phoenix.error.ApplicationErrorException
2018-04-19 16:04:51.413  INFO localhost --- [    Test worker] s.w.s.m.m.a.RequestMappingHandlerMapping : Mapped "{[/teacher/course/{moduleId}/{classId}/homework],methods=[GET]}" onto public com.guanshan.phoenix.error.ResponseMessage<com.guanshan.phoenix.webdomain.response.ResHomeworkSubmissionList> com.guanshan.phoenix.controller.TeacherController.getAllHomeworkSubmissionByModuleId(int,int) throws com.guanshan.phoenix.error.ApplicationErrorException
2018-04-19 16:04:51.413  INFO localhost --- [    Test worker] s.w.s.m.m.a.RequestMappingHandlerMapping : Mapped "{[/teacher/course/homework/grade],methods=[POST]}" onto public com.guanshan.phoenix.error.ResponseMessage com.guanshan.phoenix.controller.TeacherController.gradeHomework(com.guanshan.phoenix.webdomain.request.ReqHomeworkGrade) throws com.guanshan.phoenix.error.ApplicationErrorException
2018-04-19 16:04:51.414  INFO localhost --- [    Test worker] s.w.s.m.m.a.RequestMappingHandlerMapping : Mapped "{[/teacher/course/homework/all/{teacherId}],methods=[GET]}" onto public com.guanshan.phoenix.error.ResponseMessage<com.guanshan.phoenix.webdomain.response.ResTeacherHomeworkList> com.guanshan.phoenix.controller.TeacherController.getHomeworkListByTeacherId(int) throws com.guanshan.phoenix.error.ApplicationErrorException
2018-04-19 16:04:51.415  INFO localhost --- [    Test worker] s.w.s.m.m.a.RequestMappingHandlerMapping : Mapped "{[/v2/api-docs],methods=[GET],produces=[application/json || application/hal+json]}" onto public org.springframework.http.ResponseEntity<springfox.documentation.spring.web.json.Json> springfox.documentation.swagger2.web.Swagger2Controller.getDocumentation(java.lang.String,javax.servlet.http.HttpServletRequest)
2018-04-19 16:04:51.418  INFO localhost --- [    Test worker] s.w.s.m.m.a.RequestMappingHandlerMapping : Mapped "{[/swagger-resources/configuration/ui]}" onto org.springframework.http.ResponseEntity<springfox.documentation.swagger.web.UiConfiguration> springfox.documentation.swagger.web.ApiResourceController.uiConfiguration()
2018-04-19 16:04:51.420  INFO localhost --- [    Test worker] s.w.s.m.m.a.RequestMappingHandlerMapping : Mapped "{[/swagger-resources/configuration/security]}" onto org.springframework.http.ResponseEntity<springfox.documentation.swagger.web.SecurityConfiguration> springfox.documentation.swagger.web.ApiResourceController.securityConfiguration()
2018-04-19 16:04:51.422  INFO localhost --- [    Test worker] s.w.s.m.m.a.RequestMappingHandlerMapping : Mapped "{[/swagger-resources]}" onto org.springframework.http.ResponseEntity<java.util.List<springfox.documentation.swagger.web.SwaggerResource>> springfox.documentation.swagger.web.ApiResourceController.swaggerResources()
2018-04-19 16:04:51.426  INFO localhost --- [    Test worker] s.w.s.m.m.a.RequestMappingHandlerMapping : Mapped "{[/error]}" onto public org.springframework.http.ResponseEntity<java.util.Map<java.lang.String, java.lang.Object>> org.springframework.boot.autoconfigure.web.BasicErrorController.error(javax.servlet.http.HttpServletRequest)
2018-04-19 16:04:51.427  INFO localhost --- [    Test worker] s.w.s.m.m.a.RequestMappingHandlerMapping : Mapped "{[/error],produces=[text/html]}" onto public org.springframework.web.servlet.ModelAndView org.springframework.boot.autoconfigure.web.BasicErrorController.errorHtml(javax.servlet.http.HttpServletRequest,javax.servlet.http.HttpServletResponse)
2018-04-19 16:04:51.942  INFO localhost --- [    Test worker] o.s.s.w.DefaultSecurityFilterChain       : Creating filter chain: org.springframework.security.web.util.matcher.AnyRequestMatcher@1, [org.springframework.security.web.context.request.async.WebAsyncManagerIntegrationFilter@28bddea9, org.springframework.security.web.context.SecurityContextPersistenceFilter@169ff1bb, org.springframework.security.web.header.HeaderWriterFilter@3788338, org.springframework.security.web.authentication.logout.LogoutFilter@438dbb93, com.guanshan.phoenix.authentication.security.JwtAuthenticationTokenFilter@13fb2432, org.springframework.security.web.savedrequest.RequestCacheAwareFilter@38df3c97, org.springframework.security.web.servletapi.SecurityContextHolderAwareRequestFilter@71715ec8, org.springframework.security.web.authentication.AnonymousAuthenticationFilter@79f59a61, org.springframework.security.web.session.SessionManagementFilter@4fb66a07, org.springframework.security.web.access.ExceptionTranslationFilter@7097b79d, org.springframework.security.web.access.intercept.FilterSecurityInterceptor@6c39815]
2018-04-19 16:04:52.544  INFO localhost --- [    Test worker] s.w.s.m.m.a.RequestMappingHandlerAdapter : Looking for @ControllerAdvice: org.springframework.web.context.support.GenericWebApplicationContext@1b90e666: startup date [Thu Apr 19 16:04:46 CST 2018]; root of context hierarchy
2018-04-19 16:04:52.665  INFO localhost --- [    Test worker] o.s.w.s.h.SimpleUrlHandlerMapping        : Mapped URL path [/webjars/**] onto handler of type [class org.springframework.web.servlet.resource.ResourceHttpRequestHandler]
2018-04-19 16:04:52.665  INFO localhost --- [    Test worker] o.s.w.s.h.SimpleUrlHandlerMapping        : Mapped URL path [/**] onto handler of type [class org.springframework.web.servlet.resource.ResourceHttpRequestHandler]
2018-04-19 16:04:52.702  INFO localhost --- [    Test worker] .m.m.a.ExceptionHandlerExceptionResolver : Detected @ExceptionHandler methods in errorHandler
2018-04-19 16:04:52.760  INFO localhost --- [    Test worker] o.s.w.s.h.SimpleUrlHandlerMapping        : Mapped URL path [/**/favicon.ico] onto handler of type [class org.springframework.web.servlet.resource.ResourceHttpRequestHandler]
2018-04-19 16:04:53.351  INFO localhost --- [    Test worker] o.s.c.s.DefaultLifecycleProcessor        : Starting beans in phase 2147483647
2018-04-19 16:04:53.351  INFO localhost --- [    Test worker] d.s.w.p.DocumentationPluginsBootstrapper : Context refreshed
2018-04-19 16:04:53.372  INFO localhost --- [    Test worker] d.s.w.p.DocumentationPluginsBootstrapper : Found 1 custom documentation plugin(s)
2018-04-19 16:04:53.387  INFO localhost --- [    Test worker] s.d.s.w.s.ApiListingReferenceScanner     : Scanning for api listing references
2018-04-19 16:04:53.568  INFO localhost --- [    Test worker] .d.s.w.r.o.CachingOperationNameGenerator : Generating unique operation named: getExperimentUsingGET_1
2018-04-19 16:04:53.968  INFO localhost --- [    Test worker] .d.s.w.r.o.CachingOperationNameGenerator : Generating unique operation named: getCourseExperimentsUsingGET_1
2018-04-19 16:04:54.096  INFO localhost --- [    Test worker] .d.s.w.r.o.CachingOperationNameGenerator : Generating unique operation named: getCourseExperimentsUsingGET_2
2018-04-19 16:04:54.182  INFO localhost --- [    Test worker] .d.s.w.r.o.CachingOperationNameGenerator : Generating unique operation named: getCourseExperimentsUsingGET_3
2018-04-19 16:04:54.192  INFO localhost --- [    Test worker] .d.s.w.r.o.CachingOperationNameGenerator : Generating unique operation named: getStudentHomeworkDetailByIdUsingGET_1
2018-04-19 16:04:54.225  INFO localhost --- [    Test worker] c.g.p.p.PhoenixApplicationTests          : Started PhoenixApplicationTests in 8.537 seconds (JVM running for 10.063)
]]></system-out>
  <system-err><![CDATA[]]></system-err>
</testsuite>
